<?xml version="1.0" encoding="UTF-8"?>
<coverage generated="1722456207213" clover="3.2.0">
  <project timestamp="1722456207213" name="All files">
    <metrics statements="22" coveredstatements="19" conditionals="16" coveredconditionals="10" methods="4" coveredmethods="4" elements="42" coveredelements="33" complexity="0" loc="22" ncloc="22" packages="1" files="2" classes="2"/>
    <file name="gameboard.js" path="/home/blache/Desktop/battleship-project/gameboard.js">
      <metrics statements="17" coveredstatements="14" conditionals="14" coveredconditionals="9" methods="2" coveredmethods="2"/>
      <line num="3" count="3" type="stmt"/>
      <line num="15" count="3" type="stmt"/>
      <line num="30" count="4" type="cond" truecount="1" falsecount="1"/>
      <line num="31" count="4" type="stmt"/>
      <line num="32" count="4" type="stmt"/>
      <line num="33" count="4" type="stmt"/>
      <line num="34" count="12" type="cond" truecount="4" falsecount="0"/>
      <line num="35" count="2" type="stmt"/>
      <line num="36" count="10" type="stmt"/>
      <line num="37" count="10" type="cond" truecount="1" falsecount="1"/>
      <line num="38" count="0" type="stmt"/>
      <line num="40" count="10" type="cond" truecount="1" falsecount="1"/>
      <line num="41" count="10" type="stmt"/>
      <line num="43" count="10" type="cond" truecount="1" falsecount="1"/>
      <line num="44" count="0" type="stmt"/>
      <line num="46" count="10" type="cond" truecount="1" falsecount="1"/>
      <line num="47" count="0" type="stmt"/>
    </file>
    <file name="ship.js" path="/home/blache/Desktop/battleship-project/ship.js">
      <metrics statements="5" coveredstatements="5" conditionals="2" coveredconditionals="1" methods="2" coveredmethods="2"/>
      <line num="3" count="7" type="stmt"/>
      <line num="4" count="7" type="stmt"/>
      <line num="5" count="7" type="stmt"/>
      <line num="8" count="2" type="stmt"/>
      <line num="9" count="2" type="cond" truecount="1" falsecount="1"/>
    </file>
  </project>
</coverage>
