{"/home/blache/Desktop/battleship-project/gameboard.js": {"path":"/home/blache/Desktop/battleship-project/gameboard.js","statementMap":{"0":{"start":{"line":5,"column":2},"end":{"line":5,"column":39}},"1":{"start":{"line":6,"column":2},"end":{"line":6,"column":39}},"2":{"start":{"line":7,"column":2},"end":{"line":7,"column":32}},"3":{"start":{"line":8,"column":2},"end":{"line":8,"column":32}},"4":{"start":{"line":9,"column":2},"end":{"line":9,"column":27}},"5":{"start":{"line":10,"column":2},"end":{"line":10,"column":27}},"6":{"start":{"line":15,"column":2},"end":{"line":19,"column":3}},"7":{"start":{"line":16,"column":3},"end":{"line":16,"column":23}},"8":{"start":{"line":17,"column":9},"end":{"line":19,"column":3}},"9":{"start":{"line":18,"column":3},"end":{"line":18,"column":23}},"10":{"start":{"line":20,"column":23},"end":{"line":20,"column":27}},"11":{"start":{"line":22,"column":10},"end":{"line":22,"column":18}},"12":{"start":{"line":23,"column":10},"end":{"line":23,"column":18}},"13":{"start":{"line":24,"column":2},"end":{"line":38,"column":3}},"14":{"start":{"line":24,"column":19},"end":{"line":24,"column":20}},"15":{"start":{"line":25,"column":3},"end":{"line":25,"column":76}},"16":{"start":{"line":25,"column":53},"end":{"line":25,"column":76}},"17":{"start":{"line":26,"column":3},"end":{"line":28,"column":4}},"18":{"start":{"line":27,"column":4},"end":{"line":27,"column":14}},"19":{"start":{"line":29,"column":3},"end":{"line":31,"column":4}},"20":{"start":{"line":30,"column":4},"end":{"line":30,"column":14}},"21":{"start":{"line":32,"column":3},"end":{"line":34,"column":4}},"22":{"start":{"line":33,"column":4},"end":{"line":33,"column":14}},"23":{"start":{"line":35,"column":3},"end":{"line":37,"column":4}},"24":{"start":{"line":36,"column":4},"end":{"line":36,"column":14}},"25":{"start":{"line":40,"column":2},"end":{"line":60,"column":3}},"26":{"start":{"line":41,"column":11},"end":{"line":41,"column":19}},"27":{"start":{"line":42,"column":11},"end":{"line":42,"column":19}},"28":{"start":{"line":43,"column":3},"end":{"line":57,"column":4}},"29":{"start":{"line":43,"column":20},"end":{"line":43,"column":21}},"30":{"start":{"line":44,"column":4},"end":{"line":44,"column":22}},"31":{"start":{"line":45,"column":4},"end":{"line":47,"column":5}},"32":{"start":{"line":46,"column":5},"end":{"line":46,"column":15}},"33":{"start":{"line":48,"column":4},"end":{"line":50,"column":5}},"34":{"start":{"line":49,"column":5},"end":{"line":49,"column":15}},"35":{"start":{"line":51,"column":4},"end":{"line":53,"column":5}},"36":{"start":{"line":52,"column":5},"end":{"line":52,"column":15}},"37":{"start":{"line":54,"column":4},"end":{"line":56,"column":5}},"38":{"start":{"line":55,"column":5},"end":{"line":55,"column":15}},"39":{"start":{"line":59,"column":3},"end":{"line":59,"column":29}},"40":{"start":{"line":63,"column":10},"end":{"line":63,"column":19}},"41":{"start":{"line":64,"column":10},"end":{"line":64,"column":19}},"42":{"start":{"line":66,"column":2},"end":{"line":70,"column":3}},"43":{"start":{"line":67,"column":3},"end":{"line":67,"column":23}},"44":{"start":{"line":68,"column":9},"end":{"line":70,"column":3}},"45":{"start":{"line":69,"column":3},"end":{"line":69,"column":23}},"46":{"start":{"line":71,"column":13},"end":{"line":71,"column":23}},"47":{"start":{"line":72,"column":2},"end":{"line":82,"column":3}},"48":{"start":{"line":73,"column":3},"end":{"line":73,"column":19}},"49":{"start":{"line":74,"column":3},"end":{"line":76,"column":34}},"50":{"start":{"line":77,"column":3},"end":{"line":77,"column":16}},"51":{"start":{"line":78,"column":9},"end":{"line":82,"column":3}},"52":{"start":{"line":79,"column":3},"end":{"line":79,"column":15}},"53":{"start":{"line":80,"column":3},"end":{"line":80,"column":19}},"54":{"start":{"line":81,"column":3},"end":{"line":81,"column":15}},"55":{"start":{"line":86,"column":2},"end":{"line":90,"column":3}},"56":{"start":{"line":87,"column":3},"end":{"line":87,"column":23}},"57":{"start":{"line":88,"column":9},"end":{"line":90,"column":3}},"58":{"start":{"line":89,"column":3},"end":{"line":89,"column":23}},"59":{"start":{"line":91,"column":18},"end":{"line":91,"column":19}},"60":{"start":{"line":92,"column":2},"end":{"line":98,"column":3}},"61":{"start":{"line":93,"column":3},"end":{"line":97,"column":4}},"62":{"start":{"line":94,"column":4},"end":{"line":96,"column":5}},"63":{"start":{"line":95,"column":5},"end":{"line":95,"column":17}},"64":{"start":{"line":99,"column":2},"end":{"line":100,"column":75}},"65":{"start":{"line":99,"column":46},"end":{"line":99,"column":70}},"66":{"start":{"line":100,"column":7},"end":{"line":100,"column":75}},"67":{"start":{"line":100,"column":51},"end":{"line":100,"column":75}}},"fnMap":{"0":{"name":"(anonymous_0)","decl":{"start":{"line":4,"column":1},"end":{"line":4,"column":2}},"loc":{"start":{"line":4,"column":15},"end":{"line":11,"column":2}},"line":4},"1":{"name":"(anonymous_1)","decl":{"start":{"line":12,"column":1},"end":{"line":12,"column":2}},"loc":{"start":{"line":12,"column":39},"end":{"line":61,"column":2}},"line":12},"2":{"name":"(anonymous_2)","decl":{"start":{"line":62,"column":1},"end":{"line":62,"column":2}},"loc":{"start":{"line":62,"column":31},"end":{"line":83,"column":2}},"line":62},"3":{"name":"(anonymous_3)","decl":{"start":{"line":84,"column":1},"end":{"line":84,"column":2}},"loc":{"start":{"line":84,"column":25},"end":{"line":101,"column":2}},"line":84}},"branchMap":{"0":{"loc":{"start":{"line":15,"column":2},"end":{"line":19,"column":3}},"type":"if","locations":[{"start":{"line":15,"column":2},"end":{"line":19,"column":3}},{"start":{"line":17,"column":9},"end":{"line":19,"column":3}}],"line":15},"1":{"loc":{"start":{"line":17,"column":9},"end":{"line":19,"column":3}},"type":"if","locations":[{"start":{"line":17,"column":9},"end":{"line":19,"column":3}},{"start":{},"end":{}}],"line":17},"2":{"loc":{"start":{"line":25,"column":3},"end":{"line":25,"column":76}},"type":"if","locations":[{"start":{"line":25,"column":3},"end":{"line":25,"column":76}},{"start":{},"end":{}}],"line":25},"3":{"loc":{"start":{"line":25,"column":7},"end":{"line":25,"column":51}},"type":"binary-expr","locations":[{"start":{"line":25,"column":7},"end":{"line":25,"column":31}},{"start":{"line":25,"column":35},"end":{"line":25,"column":51}}],"line":25},"4":{"loc":{"start":{"line":26,"column":3},"end":{"line":28,"column":4}},"type":"if","locations":[{"start":{"line":26,"column":3},"end":{"line":28,"column":4}},{"start":{},"end":{}}],"line":26},"5":{"loc":{"start":{"line":29,"column":3},"end":{"line":31,"column":4}},"type":"if","locations":[{"start":{"line":29,"column":3},"end":{"line":31,"column":4}},{"start":{},"end":{}}],"line":29},"6":{"loc":{"start":{"line":32,"column":3},"end":{"line":34,"column":4}},"type":"if","locations":[{"start":{"line":32,"column":3},"end":{"line":34,"column":4}},{"start":{},"end":{}}],"line":32},"7":{"loc":{"start":{"line":35,"column":3},"end":{"line":37,"column":4}},"type":"if","locations":[{"start":{"line":35,"column":3},"end":{"line":37,"column":4}},{"start":{},"end":{}}],"line":35},"8":{"loc":{"start":{"line":40,"column":2},"end":{"line":60,"column":3}},"type":"if","locations":[{"start":{"line":40,"column":2},"end":{"line":60,"column":3}},{"start":{"line":58,"column":9},"end":{"line":60,"column":3}}],"line":40},"9":{"loc":{"start":{"line":45,"column":4},"end":{"line":47,"column":5}},"type":"if","locations":[{"start":{"line":45,"column":4},"end":{"line":47,"column":5}},{"start":{},"end":{}}],"line":45},"10":{"loc":{"start":{"line":48,"column":4},"end":{"line":50,"column":5}},"type":"if","locations":[{"start":{"line":48,"column":4},"end":{"line":50,"column":5}},{"start":{},"end":{}}],"line":48},"11":{"loc":{"start":{"line":51,"column":4},"end":{"line":53,"column":5}},"type":"if","locations":[{"start":{"line":51,"column":4},"end":{"line":53,"column":5}},{"start":{},"end":{}}],"line":51},"12":{"loc":{"start":{"line":54,"column":4},"end":{"line":56,"column":5}},"type":"if","locations":[{"start":{"line":54,"column":4},"end":{"line":56,"column":5}},{"start":{},"end":{}}],"line":54},"13":{"loc":{"start":{"line":66,"column":2},"end":{"line":70,"column":3}},"type":"if","locations":[{"start":{"line":66,"column":2},"end":{"line":70,"column":3}},{"start":{"line":68,"column":9},"end":{"line":70,"column":3}}],"line":66},"14":{"loc":{"start":{"line":68,"column":9},"end":{"line":70,"column":3}},"type":"if","locations":[{"start":{"line":68,"column":9},"end":{"line":70,"column":3}},{"start":{},"end":{}}],"line":68},"15":{"loc":{"start":{"line":72,"column":2},"end":{"line":82,"column":3}},"type":"if","locations":[{"start":{"line":72,"column":2},"end":{"line":82,"column":3}},{"start":{"line":78,"column":9},"end":{"line":82,"column":3}}],"line":72},"16":{"loc":{"start":{"line":74,"column":3},"end":{"line":76,"column":33}},"type":"cond-expr","locations":[{"start":{"line":75,"column":6},"end":{"line":75,"column":33}},{"start":{"line":76,"column":6},"end":{"line":76,"column":33}}],"line":74},"17":{"loc":{"start":{"line":78,"column":9},"end":{"line":82,"column":3}},"type":"if","locations":[{"start":{"line":78,"column":9},"end":{"line":82,"column":3}},{"start":{},"end":{}}],"line":78},"18":{"loc":{"start":{"line":86,"column":2},"end":{"line":90,"column":3}},"type":"if","locations":[{"start":{"line":86,"column":2},"end":{"line":90,"column":3}},{"start":{"line":88,"column":9},"end":{"line":90,"column":3}}],"line":86},"19":{"loc":{"start":{"line":88,"column":9},"end":{"line":90,"column":3}},"type":"if","locations":[{"start":{"line":88,"column":9},"end":{"line":90,"column":3}},{"start":{},"end":{}}],"line":88},"20":{"loc":{"start":{"line":94,"column":4},"end":{"line":96,"column":5}},"type":"if","locations":[{"start":{"line":94,"column":4},"end":{"line":96,"column":5}},{"start":{},"end":{}}],"line":94},"21":{"loc":{"start":{"line":99,"column":2},"end":{"line":100,"column":75}},"type":"if","locations":[{"start":{"line":99,"column":2},"end":{"line":100,"column":75}},{"start":{"line":100,"column":7},"end":{"line":100,"column":75}}],"line":99},"22":{"loc":{"start":{"line":99,"column":6},"end":{"line":99,"column":44}},"type":"binary-expr","locations":[{"start":{"line":99,"column":6},"end":{"line":99,"column":20}},{"start":{"line":99,"column":24},"end":{"line":99,"column":44}}],"line":99},"23":{"loc":{"start":{"line":100,"column":7},"end":{"line":100,"column":75}},"type":"if","locations":[{"start":{"line":100,"column":7},"end":{"line":100,"column":75}},{"start":{},"end":{}}],"line":100},"24":{"loc":{"start":{"line":100,"column":11},"end":{"line":100,"column":49}},"type":"binary-expr","locations":[{"start":{"line":100,"column":11},"end":{"line":100,"column":25}},{"start":{"line":100,"column":29},"end":{"line":100,"column":49}}],"line":100}},"s":{"0":8,"1":8,"2":8,"3":8,"4":8,"5":8,"6":8,"7":4,"8":4,"9":4,"10":8,"11":8,"12":8,"13":8,"14":8,"15":40,"16":15,"17":40,"18":0,"19":40,"20":40,"21":40,"22":0,"23":40,"24":0,"25":8,"26":5,"27":5,"28":5,"29":5,"30":25,"31":25,"32":0,"33":25,"34":25,"35":25,"36":0,"37":25,"38":0,"39":3,"40":5,"41":5,"42":5,"43":2,"44":3,"45":3,"46":5,"47":5,"48":3,"49":3,"50":3,"51":2,"52":2,"53":2,"54":2,"55":1,"56":1,"57":0,"58":0,"59":1,"60":1,"61":10,"62":100,"63":0,"64":1,"65":1,"66":0,"67":0},"f":{"0":8,"1":8,"2":5,"3":1},"b":{"0":[4,4],"1":[4,0],"2":[15,25],"3":[40,35],"4":[0,40],"5":[40,0],"6":[0,40],"7":[0,40],"8":[5,3],"9":[0,25],"10":[25,0],"11":[0,25],"12":[0,25],"13":[2,3],"14":[3,0],"15":[3,2],"16":[2,1],"17":[2,0],"18":[1,0],"19":[0,0],"20":[0,100],"21":[1,0],"22":[1,1],"23":[0,0],"24":[0,0]},"_coverageSchema":"1a1c01bbd47fc00a2c39e90264f33305004495a9","hash":"fb7a4e544575dc6c995c51835be143f4293f385c"}
,"/home/blache/Desktop/battleship-project/player.js": {"path":"/home/blache/Desktop/battleship-project/player.js","statementMap":{"0":{"start":{"line":6,"column":2},"end":{"line":17,"column":4}}},"fnMap":{"0":{"name":"(anonymous_0)","decl":{"start":{"line":5,"column":1},"end":{"line":5,"column":2}},"loc":{"start":{"line":5,"column":15},"end":{"line":18,"column":2}},"line":5}},"branchMap":{},"s":{"0":16},"f":{"0":16},"b":{},"_coverageSchema":"1a1c01bbd47fc00a2c39e90264f33305004495a9","hash":"6c1215c0ed25161ad8c620db7055a1cc6663e964"}
,"/home/blache/Desktop/battleship-project/ship.js": {"path":"/home/blache/Desktop/battleship-project/ship.js","statementMap":{"0":{"start":{"line":3,"column":2},"end":{"line":3,"column":19}},"1":{"start":{"line":4,"column":2},"end":{"line":4,"column":23}},"2":{"start":{"line":5,"column":2},"end":{"line":5,"column":16}},"3":{"start":{"line":6,"column":2},"end":{"line":6,"column":20}},"4":{"start":{"line":9,"column":2},"end":{"line":9,"column":22}},"5":{"start":{"line":10,"column":2},"end":{"line":10,"column":49}},"6":{"start":{"line":10,"column":32},"end":{"line":10,"column":49}}},"fnMap":{"0":{"name":"(anonymous_0)","decl":{"start":{"line":2,"column":1},"end":{"line":2,"column":2}},"loc":{"start":{"line":2,"column":27},"end":{"line":7,"column":2}},"line":2},"1":{"name":"(anonymous_1)","decl":{"start":{"line":8,"column":1},"end":{"line":8,"column":2}},"loc":{"start":{"line":8,"column":13},"end":{"line":11,"column":2}},"line":8}},"branchMap":{"0":{"loc":{"start":{"line":10,"column":2},"end":{"line":10,"column":49}},"type":"if","locations":[{"start":{"line":10,"column":2},"end":{"line":10,"column":49}},{"start":{},"end":{}}],"line":10}},"s":{"0":8,"1":8,"2":8,"3":8,"4":2,"5":2,"6":0},"f":{"0":8,"1":2},"b":{"0":[0,2]},"_coverageSchema":"1a1c01bbd47fc00a2c39e90264f33305004495a9","hash":"78769614916d747f8c32c50294a9cda16264c96d"}
}
