{"/home/blache/Desktop/battleship-project/gameboard.js": {"path":"/home/blache/Desktop/battleship-project/gameboard.js","statementMap":{"0":{"start":{"line":4,"column":2},"end":{"line":15,"column":4}},"1":{"start":{"line":16,"column":2},"end":{"line":27,"column":4}},"2":{"start":{"line":28,"column":2},"end":{"line":28,"column":32}},"3":{"start":{"line":29,"column":2},"end":{"line":29,"column":32}},"4":{"start":{"line":30,"column":2},"end":{"line":30,"column":27}},"5":{"start":{"line":31,"column":2},"end":{"line":31,"column":27}},"6":{"start":{"line":36,"column":2},"end":{"line":40,"column":3}},"7":{"start":{"line":37,"column":3},"end":{"line":37,"column":23}},"8":{"start":{"line":38,"column":9},"end":{"line":40,"column":3}},"9":{"start":{"line":39,"column":3},"end":{"line":39,"column":23}},"10":{"start":{"line":41,"column":23},"end":{"line":41,"column":27}},"11":{"start":{"line":43,"column":10},"end":{"line":43,"column":18}},"12":{"start":{"line":44,"column":10},"end":{"line":44,"column":18}},"13":{"start":{"line":45,"column":2},"end":{"line":59,"column":3}},"14":{"start":{"line":45,"column":19},"end":{"line":45,"column":20}},"15":{"start":{"line":46,"column":3},"end":{"line":46,"column":76}},"16":{"start":{"line":46,"column":53},"end":{"line":46,"column":76}},"17":{"start":{"line":47,"column":3},"end":{"line":49,"column":4}},"18":{"start":{"line":48,"column":4},"end":{"line":48,"column":14}},"19":{"start":{"line":50,"column":3},"end":{"line":52,"column":4}},"20":{"start":{"line":51,"column":4},"end":{"line":51,"column":14}},"21":{"start":{"line":53,"column":3},"end":{"line":55,"column":4}},"22":{"start":{"line":54,"column":4},"end":{"line":54,"column":14}},"23":{"start":{"line":56,"column":3},"end":{"line":58,"column":4}},"24":{"start":{"line":57,"column":4},"end":{"line":57,"column":14}},"25":{"start":{"line":61,"column":2},"end":{"line":81,"column":3}},"26":{"start":{"line":62,"column":11},"end":{"line":62,"column":19}},"27":{"start":{"line":63,"column":11},"end":{"line":63,"column":19}},"28":{"start":{"line":64,"column":3},"end":{"line":78,"column":4}},"29":{"start":{"line":64,"column":20},"end":{"line":64,"column":21}},"30":{"start":{"line":65,"column":4},"end":{"line":65,"column":22}},"31":{"start":{"line":66,"column":4},"end":{"line":68,"column":5}},"32":{"start":{"line":67,"column":5},"end":{"line":67,"column":15}},"33":{"start":{"line":69,"column":4},"end":{"line":71,"column":5}},"34":{"start":{"line":70,"column":5},"end":{"line":70,"column":15}},"35":{"start":{"line":72,"column":4},"end":{"line":74,"column":5}},"36":{"start":{"line":73,"column":5},"end":{"line":73,"column":15}},"37":{"start":{"line":75,"column":4},"end":{"line":77,"column":5}},"38":{"start":{"line":76,"column":5},"end":{"line":76,"column":15}},"39":{"start":{"line":80,"column":3},"end":{"line":80,"column":29}},"40":{"start":{"line":84,"column":10},"end":{"line":84,"column":19}},"41":{"start":{"line":85,"column":10},"end":{"line":85,"column":19}},"42":{"start":{"line":87,"column":2},"end":{"line":91,"column":3}},"43":{"start":{"line":88,"column":3},"end":{"line":88,"column":23}},"44":{"start":{"line":89,"column":9},"end":{"line":91,"column":3}},"45":{"start":{"line":90,"column":3},"end":{"line":90,"column":23}},"46":{"start":{"line":92,"column":13},"end":{"line":92,"column":23}},"47":{"start":{"line":93,"column":2},"end":{"line":103,"column":3}},"48":{"start":{"line":94,"column":3},"end":{"line":94,"column":19}},"49":{"start":{"line":95,"column":3},"end":{"line":97,"column":34}},"50":{"start":{"line":98,"column":3},"end":{"line":98,"column":16}},"51":{"start":{"line":99,"column":9},"end":{"line":103,"column":3}},"52":{"start":{"line":100,"column":3},"end":{"line":100,"column":15}},"53":{"start":{"line":101,"column":3},"end":{"line":101,"column":19}},"54":{"start":{"line":102,"column":3},"end":{"line":102,"column":15}},"55":{"start":{"line":107,"column":2},"end":{"line":111,"column":3}},"56":{"start":{"line":108,"column":3},"end":{"line":108,"column":23}},"57":{"start":{"line":109,"column":9},"end":{"line":111,"column":3}},"58":{"start":{"line":110,"column":3},"end":{"line":110,"column":23}},"59":{"start":{"line":112,"column":18},"end":{"line":112,"column":19}},"60":{"start":{"line":113,"column":2},"end":{"line":119,"column":3}},"61":{"start":{"line":114,"column":3},"end":{"line":118,"column":4}},"62":{"start":{"line":115,"column":4},"end":{"line":117,"column":5}},"63":{"start":{"line":116,"column":5},"end":{"line":116,"column":17}},"64":{"start":{"line":120,"column":2},"end":{"line":121,"column":75}},"65":{"start":{"line":120,"column":46},"end":{"line":120,"column":70}},"66":{"start":{"line":121,"column":7},"end":{"line":121,"column":75}},"67":{"start":{"line":121,"column":51},"end":{"line":121,"column":75}}},"fnMap":{"0":{"name":"(anonymous_0)","decl":{"start":{"line":3,"column":1},"end":{"line":3,"column":2}},"loc":{"start":{"line":3,"column":15},"end":{"line":32,"column":2}},"line":3},"1":{"name":"(anonymous_1)","decl":{"start":{"line":33,"column":1},"end":{"line":33,"column":2}},"loc":{"start":{"line":33,"column":39},"end":{"line":82,"column":2}},"line":33},"2":{"name":"(anonymous_2)","decl":{"start":{"line":83,"column":1},"end":{"line":83,"column":2}},"loc":{"start":{"line":83,"column":31},"end":{"line":104,"column":2}},"line":83},"3":{"name":"(anonymous_3)","decl":{"start":{"line":105,"column":1},"end":{"line":105,"column":2}},"loc":{"start":{"line":105,"column":25},"end":{"line":122,"column":2}},"line":105}},"branchMap":{"0":{"loc":{"start":{"line":36,"column":2},"end":{"line":40,"column":3}},"type":"if","locations":[{"start":{"line":36,"column":2},"end":{"line":40,"column":3}},{"start":{"line":38,"column":9},"end":{"line":40,"column":3}}],"line":36},"1":{"loc":{"start":{"line":38,"column":9},"end":{"line":40,"column":3}},"type":"if","locations":[{"start":{"line":38,"column":9},"end":{"line":40,"column":3}},{"start":{},"end":{}}],"line":38},"2":{"loc":{"start":{"line":46,"column":3},"end":{"line":46,"column":76}},"type":"if","locations":[{"start":{"line":46,"column":3},"end":{"line":46,"column":76}},{"start":{},"end":{}}],"line":46},"3":{"loc":{"start":{"line":46,"column":7},"end":{"line":46,"column":51}},"type":"binary-expr","locations":[{"start":{"line":46,"column":7},"end":{"line":46,"column":31}},{"start":{"line":46,"column":35},"end":{"line":46,"column":51}}],"line":46},"4":{"loc":{"start":{"line":47,"column":3},"end":{"line":49,"column":4}},"type":"if","locations":[{"start":{"line":47,"column":3},"end":{"line":49,"column":4}},{"start":{},"end":{}}],"line":47},"5":{"loc":{"start":{"line":50,"column":3},"end":{"line":52,"column":4}},"type":"if","locations":[{"start":{"line":50,"column":3},"end":{"line":52,"column":4}},{"start":{},"end":{}}],"line":50},"6":{"loc":{"start":{"line":53,"column":3},"end":{"line":55,"column":4}},"type":"if","locations":[{"start":{"line":53,"column":3},"end":{"line":55,"column":4}},{"start":{},"end":{}}],"line":53},"7":{"loc":{"start":{"line":56,"column":3},"end":{"line":58,"column":4}},"type":"if","locations":[{"start":{"line":56,"column":3},"end":{"line":58,"column":4}},{"start":{},"end":{}}],"line":56},"8":{"loc":{"start":{"line":61,"column":2},"end":{"line":81,"column":3}},"type":"if","locations":[{"start":{"line":61,"column":2},"end":{"line":81,"column":3}},{"start":{"line":79,"column":9},"end":{"line":81,"column":3}}],"line":61},"9":{"loc":{"start":{"line":66,"column":4},"end":{"line":68,"column":5}},"type":"if","locations":[{"start":{"line":66,"column":4},"end":{"line":68,"column":5}},{"start":{},"end":{}}],"line":66},"10":{"loc":{"start":{"line":69,"column":4},"end":{"line":71,"column":5}},"type":"if","locations":[{"start":{"line":69,"column":4},"end":{"line":71,"column":5}},{"start":{},"end":{}}],"line":69},"11":{"loc":{"start":{"line":72,"column":4},"end":{"line":74,"column":5}},"type":"if","locations":[{"start":{"line":72,"column":4},"end":{"line":74,"column":5}},{"start":{},"end":{}}],"line":72},"12":{"loc":{"start":{"line":75,"column":4},"end":{"line":77,"column":5}},"type":"if","locations":[{"start":{"line":75,"column":4},"end":{"line":77,"column":5}},{"start":{},"end":{}}],"line":75},"13":{"loc":{"start":{"line":87,"column":2},"end":{"line":91,"column":3}},"type":"if","locations":[{"start":{"line":87,"column":2},"end":{"line":91,"column":3}},{"start":{"line":89,"column":9},"end":{"line":91,"column":3}}],"line":87},"14":{"loc":{"start":{"line":89,"column":9},"end":{"line":91,"column":3}},"type":"if","locations":[{"start":{"line":89,"column":9},"end":{"line":91,"column":3}},{"start":{},"end":{}}],"line":89},"15":{"loc":{"start":{"line":93,"column":2},"end":{"line":103,"column":3}},"type":"if","locations":[{"start":{"line":93,"column":2},"end":{"line":103,"column":3}},{"start":{"line":99,"column":9},"end":{"line":103,"column":3}}],"line":93},"16":{"loc":{"start":{"line":95,"column":3},"end":{"line":97,"column":33}},"type":"cond-expr","locations":[{"start":{"line":96,"column":6},"end":{"line":96,"column":33}},{"start":{"line":97,"column":6},"end":{"line":97,"column":33}}],"line":95},"17":{"loc":{"start":{"line":99,"column":9},"end":{"line":103,"column":3}},"type":"if","locations":[{"start":{"line":99,"column":9},"end":{"line":103,"column":3}},{"start":{},"end":{}}],"line":99},"18":{"loc":{"start":{"line":107,"column":2},"end":{"line":111,"column":3}},"type":"if","locations":[{"start":{"line":107,"column":2},"end":{"line":111,"column":3}},{"start":{"line":109,"column":9},"end":{"line":111,"column":3}}],"line":107},"19":{"loc":{"start":{"line":109,"column":9},"end":{"line":111,"column":3}},"type":"if","locations":[{"start":{"line":109,"column":9},"end":{"line":111,"column":3}},{"start":{},"end":{}}],"line":109},"20":{"loc":{"start":{"line":115,"column":4},"end":{"line":117,"column":5}},"type":"if","locations":[{"start":{"line":115,"column":4},"end":{"line":117,"column":5}},{"start":{},"end":{}}],"line":115},"21":{"loc":{"start":{"line":120,"column":2},"end":{"line":121,"column":75}},"type":"if","locations":[{"start":{"line":120,"column":2},"end":{"line":121,"column":75}},{"start":{"line":121,"column":7},"end":{"line":121,"column":75}}],"line":120},"22":{"loc":{"start":{"line":120,"column":6},"end":{"line":120,"column":44}},"type":"binary-expr","locations":[{"start":{"line":120,"column":6},"end":{"line":120,"column":20}},{"start":{"line":120,"column":24},"end":{"line":120,"column":44}}],"line":120},"23":{"loc":{"start":{"line":121,"column":7},"end":{"line":121,"column":75}},"type":"if","locations":[{"start":{"line":121,"column":7},"end":{"line":121,"column":75}},{"start":{},"end":{}}],"line":121},"24":{"loc":{"start":{"line":121,"column":11},"end":{"line":121,"column":49}},"type":"binary-expr","locations":[{"start":{"line":121,"column":11},"end":{"line":121,"column":25}},{"start":{"line":121,"column":29},"end":{"line":121,"column":49}}],"line":121}},"s":{"0":8,"1":8,"2":8,"3":8,"4":8,"5":8,"6":8,"7":4,"8":4,"9":4,"10":8,"11":8,"12":8,"13":8,"14":8,"15":40,"16":15,"17":40,"18":0,"19":40,"20":40,"21":40,"22":0,"23":40,"24":0,"25":8,"26":5,"27":5,"28":5,"29":5,"30":25,"31":25,"32":0,"33":25,"34":25,"35":25,"36":0,"37":25,"38":0,"39":3,"40":5,"41":5,"42":5,"43":2,"44":3,"45":3,"46":5,"47":5,"48":3,"49":3,"50":3,"51":2,"52":2,"53":2,"54":2,"55":1,"56":1,"57":0,"58":0,"59":1,"60":1,"61":10,"62":100,"63":0,"64":1,"65":1,"66":0,"67":0},"f":{"0":8,"1":8,"2":5,"3":1},"b":{"0":[4,4],"1":[4,0],"2":[15,25],"3":[40,35],"4":[0,40],"5":[40,0],"6":[0,40],"7":[0,40],"8":[5,3],"9":[0,25],"10":[25,0],"11":[0,25],"12":[0,25],"13":[2,3],"14":[3,0],"15":[3,2],"16":[2,1],"17":[2,0],"18":[1,0],"19":[0,0],"20":[0,100],"21":[1,0],"22":[1,1],"23":[0,0],"24":[0,0]},"_coverageSchema":"1a1c01bbd47fc00a2c39e90264f33305004495a9","hash":"d292745d7c8b9b40665cd8de5b8ca3637aa4f78e"}
,"/home/blache/Desktop/battleship-project/ship.js": {"path":"/home/blache/Desktop/battleship-project/ship.js","statementMap":{"0":{"start":{"line":3,"column":2},"end":{"line":3,"column":19}},"1":{"start":{"line":4,"column":2},"end":{"line":4,"column":23}},"2":{"start":{"line":5,"column":2},"end":{"line":5,"column":16}},"3":{"start":{"line":6,"column":2},"end":{"line":6,"column":20}},"4":{"start":{"line":9,"column":2},"end":{"line":9,"column":22}},"5":{"start":{"line":10,"column":2},"end":{"line":10,"column":49}},"6":{"start":{"line":10,"column":32},"end":{"line":10,"column":49}}},"fnMap":{"0":{"name":"(anonymous_0)","decl":{"start":{"line":2,"column":1},"end":{"line":2,"column":2}},"loc":{"start":{"line":2,"column":27},"end":{"line":7,"column":2}},"line":2},"1":{"name":"(anonymous_1)","decl":{"start":{"line":8,"column":1},"end":{"line":8,"column":2}},"loc":{"start":{"line":8,"column":13},"end":{"line":11,"column":2}},"line":8}},"branchMap":{"0":{"loc":{"start":{"line":10,"column":2},"end":{"line":10,"column":49}},"type":"if","locations":[{"start":{"line":10,"column":2},"end":{"line":10,"column":49}},{"start":{},"end":{}}],"line":10}},"s":{"0":8,"1":8,"2":8,"3":8,"4":2,"5":2,"6":0},"f":{"0":8,"1":2},"b":{"0":[0,2]},"_coverageSchema":"1a1c01bbd47fc00a2c39e90264f33305004495a9","hash":"78769614916d747f8c32c50294a9cda16264c96d"}
}
