TN:
SF:gameboard.js
FN:2,(anonymous_0)
FN:28,(anonymous_1)
FNF:2
FNH:2
FNDA:3,(anonymous_0)
FNDA:4,(anonymous_1)
DA:3,3
DA:15,3
DA:30,4
DA:31,4
DA:32,4
DA:33,4
DA:34,12
DA:35,2
DA:36,10
DA:37,10
DA:38,0
DA:40,10
DA:41,10
DA:43,10
DA:44,0
DA:46,10
DA:47,0
LF:17
LH:14
BRDA:30,0,0,4
BRDA:30,0,1,0
BRDA:34,1,0,2
BRDA:34,1,1,10
BRDA:34,2,0,12
BRDA:34,2,1,11
BRDA:37,3,0,0
BRDA:37,3,1,10
BRDA:40,4,0,10
BRDA:40,4,1,0
BRDA:43,5,0,0
BRDA:43,5,1,10
BRDA:46,6,0,0
BRDA:46,6,1,10
BRF:14
BRH:9
end_of_record
TN:
SF:ship.js
FN:2,(anonymous_0)
FN:7,(anonymous_1)
FNF:2
FNH:2
FNDA:7,(anonymous_0)
FNDA:2,(anonymous_1)
DA:3,7
DA:4,7
DA:5,7
DA:8,2
DA:9,2
LF:5
LH:5
BRDA:9,0,0,2
BRDA:9,0,1,0
BRF:2
BRH:1
end_of_record
