TN:
SF:src/gameboard.js
FN:4,(anonymous_0)
FN:14,(anonymous_1)
FN:64,(anonymous_2)
FN:86,(anonymous_3)
FNF:4
FNH:4
FNDA:8,(anonymous_0)
FNDA:8,(anonymous_1)
FNDA:5,(anonymous_2)
FNDA:1,(anonymous_3)
DA:5,8
DA:6,8
DA:7,8
DA:8,8
DA:9,8
DA:10,8
DA:11,8
DA:12,8
DA:17,8
DA:18,4
DA:19,4
DA:20,4
DA:22,8
DA:24,8
DA:25,8
DA:26,8
DA:27,40
DA:28,40
DA:29,0
DA:31,40
DA:32,40
DA:34,40
DA:35,0
DA:37,40
DA:38,0
DA:42,8
DA:43,5
DA:44,5
DA:45,5
DA:46,25
DA:47,25
DA:48,0
DA:50,25
DA:51,25
DA:53,25
DA:54,0
DA:56,25
DA:57,0
DA:61,3
DA:65,5
DA:66,5
DA:68,5
DA:69,2
DA:70,3
DA:71,3
DA:73,5
DA:74,5
DA:75,3
DA:76,3
DA:79,3
DA:80,2
DA:81,2
DA:82,2
DA:83,2
DA:88,1
DA:89,1
DA:90,0
DA:91,0
DA:93,1
DA:94,1
DA:95,10
DA:96,100
DA:97,0
DA:101,1
DA:102,0
LF:65
LH:55
BRDA:17,0,0,4
BRDA:17,0,1,4
BRDA:19,1,0,4
BRDA:19,1,1,0
BRDA:27,2,0,15
BRDA:27,2,1,25
BRDA:27,3,0,40
BRDA:27,3,1,35
BRDA:28,4,0,0
BRDA:28,4,1,40
BRDA:31,5,0,40
BRDA:31,5,1,0
BRDA:34,6,0,0
BRDA:34,6,1,40
BRDA:37,7,0,0
BRDA:37,7,1,40
BRDA:42,8,0,5
BRDA:42,8,1,3
BRDA:47,9,0,0
BRDA:47,9,1,25
BRDA:50,10,0,25
BRDA:50,10,1,0
BRDA:53,11,0,0
BRDA:53,11,1,25
BRDA:56,12,0,0
BRDA:56,12,1,25
BRDA:68,13,0,2
BRDA:68,13,1,3
BRDA:70,14,0,3
BRDA:70,14,1,0
BRDA:74,15,0,3
BRDA:74,15,1,2
BRDA:76,16,0,2
BRDA:76,16,1,1
BRDA:80,17,0,2
BRDA:80,17,1,0
BRDA:88,18,0,1
BRDA:88,18,1,0
BRDA:90,19,0,0
BRDA:90,19,1,0
BRDA:96,20,0,0
BRDA:96,20,1,100
BRDA:101,21,0,1
BRDA:101,21,1,0
BRDA:101,22,0,1
BRDA:101,22,1,1
BRDA:102,23,0,0
BRDA:102,23,1,0
BRDA:102,24,0,0
BRDA:102,24,1,0
BRF:50
BRH:30
end_of_record
TN:
SF:src/player.js
FN:5,(anonymous_0)
FNF:1
FNH:1
FNDA:16,(anonymous_0)
DA:6,16
DA:7,16
LF:2
LH:2
BRF:0
BRH:0
end_of_record
TN:
SF:src/ship.js
FN:2,(anonymous_0)
FN:8,(anonymous_1)
FNF:2
FNH:2
FNDA:8,(anonymous_0)
FNDA:2,(anonymous_1)
DA:3,8
DA:4,8
DA:5,8
DA:6,8
DA:9,2
DA:10,2
LF:6
LH:6
BRDA:10,0,0,0
BRDA:10,0,1,2
BRF:2
BRH:1
end_of_record
